2018-02-12 09:37:59 [main] INFO  o.s.b.t.context.SpringBootTestContextBootstrapper -Neither @ContextConfiguration nor @ContextHierarchy found for test class [com.offcial.WechatApplicationTests], using SpringBootContextLoader
2018-02-12 09:37:59 [main] INFO  o.s.test.context.support.AbstractContextLoader -Could not detect default resource locations for test class [com.offcial.WechatApplicationTests]: no resource found for suffixes {-context.xml, Context.groovy}.
2018-02-12 09:37:59 [main] INFO  o.s.t.c.support.AnnotationConfigContextLoaderUtils -Could not detect default configuration classes for test class [com.offcial.WechatApplicationTests]: WechatApplicationTests does not declare any static, non-private, non-final, nested classes annotated with @Configuration.
2018-02-12 09:37:59 [main] INFO  o.s.b.t.context.SpringBootTestContextBootstrapper -Found @SpringBootConfiguration com.offcial.WechatApplication for test class com.offcial.WechatApplicationTests
2018-02-12 09:37:59 [main] INFO  o.s.b.t.context.SpringBootTestContextBootstrapper -Loaded default TestExecutionListener class names from location [META-INF/spring.factories]: [org.springframework.boot.test.mock.mockito.MockitoTestExecutionListener, org.springframework.boot.test.mock.mockito.ResetMocksTestExecutionListener, org.springframework.boot.test.autoconfigure.restdocs.RestDocsTestExecutionListener, org.springframework.boot.test.autoconfigure.web.client.MockRestServiceServerResetTestExecutionListener, org.springframework.boot.test.autoconfigure.web.servlet.MockMvcPrintOnlyOnFailureTestExecutionListener, org.springframework.boot.test.autoconfigure.web.servlet.WebDriverTestExecutionListener, org.springframework.test.context.web.ServletTestExecutionListener, org.springframework.test.context.support.DirtiesContextBeforeModesTestExecutionListener, org.springframework.test.context.support.DependencyInjectionTestExecutionListener, org.springframework.test.context.support.DirtiesContextTestExecutionListener, org.springframework.test.context.transaction.TransactionalTestExecutionListener, org.springframework.test.context.jdbc.SqlScriptsTestExecutionListener]
2018-02-12 09:37:59 [main] INFO  o.s.b.t.context.SpringBootTestContextBootstrapper -Using TestExecutionListeners: [org.springframework.test.context.web.ServletTestExecutionListener@72f926e6, org.springframework.test.context.support.DirtiesContextBeforeModesTestExecutionListener@3daa422a, org.springframework.boot.test.autoconfigure.SpringBootDependencyInjectionTestExecutionListener@31c88ec8, org.springframework.test.context.support.DirtiesContextTestExecutionListener@1cbbffcd, org.springframework.test.context.transaction.TransactionalTestExecutionListener@27ce24aa, org.springframework.test.context.jdbc.SqlScriptsTestExecutionListener@481a996b, org.springframework.boot.test.autoconfigure.web.servlet.MockMvcPrintOnlyOnFailureTestExecutionListener@3d51f06e, org.springframework.boot.test.mock.mockito.ResetMocksTestExecutionListener@7ed7259e, org.springframework.boot.test.autoconfigure.web.servlet.WebDriverTestExecutionListener@28eaa59a, org.springframework.boot.test.autoconfigure.restdocs.RestDocsTestExecutionListener@3427b02d, org.springframework.boot.test.autoconfigure.web.client.MockRestServiceServerResetTestExecutionListener@647e447, org.springframework.boot.test.mock.mockito.MockitoTestExecutionListener@41fbdac4]
2018-02-12 09:37:59 [main] INFO  o.s.b.t.context.SpringBootTestContextBootstrapper -Neither @ContextConfiguration nor @ContextHierarchy found for test class [com.offcial.WechatApplicationTests], using SpringBootContextLoader
2018-02-12 09:37:59 [main] INFO  o.s.test.context.support.AbstractContextLoader -Could not detect default resource locations for test class [com.offcial.WechatApplicationTests]: no resource found for suffixes {-context.xml, Context.groovy}.
2018-02-12 09:37:59 [main] INFO  o.s.t.c.support.AnnotationConfigContextLoaderUtils -Could not detect default configuration classes for test class [com.offcial.WechatApplicationTests]: WechatApplicationTests does not declare any static, non-private, non-final, nested classes annotated with @Configuration.
2018-02-12 09:37:59 [main] INFO  o.s.b.t.context.SpringBootTestContextBootstrapper -Found @SpringBootConfiguration com.offcial.WechatApplication for test class com.offcial.WechatApplicationTests
2018-02-12 09:37:59 [main] INFO  o.s.b.t.context.SpringBootTestContextBootstrapper -Loaded default TestExecutionListener class names from location [META-INF/spring.factories]: [org.springframework.boot.test.mock.mockito.MockitoTestExecutionListener, org.springframework.boot.test.mock.mockito.ResetMocksTestExecutionListener, org.springframework.boot.test.autoconfigure.restdocs.RestDocsTestExecutionListener, org.springframework.boot.test.autoconfigure.web.client.MockRestServiceServerResetTestExecutionListener, org.springframework.boot.test.autoconfigure.web.servlet.MockMvcPrintOnlyOnFailureTestExecutionListener, org.springframework.boot.test.autoconfigure.web.servlet.WebDriverTestExecutionListener, org.springframework.test.context.web.ServletTestExecutionListener, org.springframework.test.context.support.DirtiesContextBeforeModesTestExecutionListener, org.springframework.test.context.support.DependencyInjectionTestExecutionListener, org.springframework.test.context.support.DirtiesContextTestExecutionListener, org.springframework.test.context.transaction.TransactionalTestExecutionListener, org.springframework.test.context.jdbc.SqlScriptsTestExecutionListener]
2018-02-12 09:37:59 [main] INFO  o.s.b.t.context.SpringBootTestContextBootstrapper -Using TestExecutionListeners: [org.springframework.test.context.web.ServletTestExecutionListener@7ec7ffd3, org.springframework.test.context.support.DirtiesContextBeforeModesTestExecutionListener@5b239d7d, org.springframework.boot.test.autoconfigure.SpringBootDependencyInjectionTestExecutionListener@6572421, org.springframework.test.context.support.DirtiesContextTestExecutionListener@6b81ce95, org.springframework.test.context.transaction.TransactionalTestExecutionListener@2a798d51, org.springframework.test.context.jdbc.SqlScriptsTestExecutionListener@6d763516, org.springframework.boot.test.autoconfigure.web.servlet.MockMvcPrintOnlyOnFailureTestExecutionListener@52bf72b5, org.springframework.boot.test.mock.mockito.ResetMocksTestExecutionListener@37afeb11, org.springframework.boot.test.autoconfigure.web.servlet.WebDriverTestExecutionListener@515aebb0, org.springframework.boot.test.autoconfigure.restdocs.RestDocsTestExecutionListener@dd8ba08, org.springframework.boot.test.autoconfigure.web.client.MockRestServiceServerResetTestExecutionListener@245b4bdc, org.springframework.boot.test.mock.mockito.MockitoTestExecutionListener@6c64cb25]
2018-02-12 09:37:59 [main] INFO  com.offcial.WechatApplicationTests -Starting WechatApplicationTests on YF-hufei with PID 284 (started by lecheng in E:\GitLab\wechat)
2018-02-12 09:37:59 [main] INFO  com.offcial.WechatApplicationTests -No active profile set, falling back to default profiles: default
2018-02-12 09:37:59 [main] INFO  o.s.w.context.support.GenericWebApplicationContext -Refreshing org.springframework.web.context.support.GenericWebApplicationContext@543295b0: startup date [Mon Feb 12 09:37:59 CST 2018]; root of context hierarchy
2018-02-12 09:38:00 [background-preinit] INFO  org.hibernate.validator.internal.util.Version -HV000001: Hibernate Validator 5.3.5.Final
2018-02-12 09:38:00 [main] INFO  o.s.d.r.config.RepositoryConfigurationDelegate -Multiple Spring Data modules found, entering strict repository configuration mode!
2018-02-12 09:38:00 [main] INFO  o.s.d.r.config.RepositoryConfigurationDelegate -Multiple Spring Data modules found, entering strict repository configuration mode!
2018-02-12 09:38:00 [main] INFO  o.s.d.r.c.RepositoryConfigurationExtensionSupport -Spring Data MongoDB - Could not safely identify store assignment for repository candidate interface com.offcial.dao.HouseMessageDao.
2018-02-12 09:38:00 [main] INFO  o.s.d.r.c.RepositoryConfigurationExtensionSupport -Spring Data MongoDB - Could not safely identify store assignment for repository candidate interface com.offcial.dao.AccessTokenDao.
2018-02-12 09:38:01 [main] INFO  o.s.b.f.a.AutowiredAnnotationBeanPostProcessor -JSR-330 'javax.inject.Inject' annotation found and supported for autowiring
2018-02-12 09:38:02 [main] INFO  o.s.orm.jpa.LocalContainerEntityManagerFactoryBean -Building JPA container EntityManagerFactory for persistence unit 'default'
2018-02-12 09:38:02 [main] INFO  org.hibernate.jpa.internal.util.LogHelper -HHH000204: Processing PersistenceUnitInfo [
	name: default
	...]
2018-02-12 09:38:02 [main] INFO  org.hibernate.Version -HHH000412: Hibernate Core {5.0.12.Final}
2018-02-12 09:38:02 [main] INFO  org.hibernate.cfg.Environment -HHH000206: hibernate.properties not found
2018-02-12 09:38:02 [main] INFO  org.hibernate.cfg.Environment -HHH000021: Bytecode provider name : javassist
2018-02-12 09:38:02 [main] INFO  org.hibernate.annotations.common.Version -HCANN000001: Hibernate Commons Annotations {5.0.1.Final}
2018-02-12 09:38:03 [main] INFO  org.hibernate.dialect.Dialect -HHH000400: Using dialect: org.hibernate.dialect.MySQL5Dialect
2018-02-12 09:38:03 [main] INFO  org.hibernate.tool.hbm2ddl.SchemaUpdate -HHH000228: Running hbm2ddl schema update
2018-02-12 09:38:03 [main] INFO  o.s.orm.jpa.LocalContainerEntityManagerFactoryBean -Initialized JPA EntityManagerFactory for persistence unit 'default'
2018-02-12 09:38:04 [main] INFO  o.s.w.s.m.m.a.RequestMappingHandlerAdapter -Looking for @ControllerAdvice: org.springframework.web.context.support.GenericWebApplicationContext@543295b0: startup date [Mon Feb 12 09:37:59 CST 2018]; root of context hierarchy
2018-02-12 09:38:05 [main] INFO  o.s.w.s.m.m.a.RequestMappingHandlerMapping -Mapped "{[/Export]}" onto public void com.offcial.controller.ExcelController.exportExcel(javax.servlet.http.HttpServletRequest,javax.servlet.http.HttpServletResponse,java.lang.String)
2018-02-12 09:38:05 [main] INFO  o.s.w.s.m.m.a.RequestMappingHandlerMapping -Mapped "{[/index]}" onto public java.lang.String com.offcial.controller.IndexController.index()
2018-02-12 09:38:05 [main] INFO  o.s.w.s.m.m.a.RequestMappingHandlerMapping -Mapped "{[/WeChatHistory]}" onto public java.lang.String com.offcial.controller.IndexController.WeChatHistory()
2018-02-12 09:38:05 [main] INFO  o.s.w.s.m.m.a.RequestMappingHandlerMapping -Mapped "{[/web]}" onto public java.lang.String com.offcial.controller.IndexController.web()
2018-02-12 09:38:05 [main] INFO  o.s.w.s.m.m.a.RequestMappingHandlerMapping -Mapped "{[/error]}" onto public org.springframework.http.ResponseEntity<java.util.Map<java.lang.String, java.lang.Object>> org.springframework.boot.autoconfigure.web.BasicErrorController.error(javax.servlet.http.HttpServletRequest)
2018-02-12 09:38:05 [main] INFO  o.s.w.s.m.m.a.RequestMappingHandlerMapping -Mapped "{[/error],produces=[text/html]}" onto public org.springframework.web.servlet.ModelAndView org.springframework.boot.autoconfigure.web.BasicErrorController.errorHtml(javax.servlet.http.HttpServletRequest,javax.servlet.http.HttpServletResponse)
2018-02-12 09:38:05 [main] INFO  o.s.web.servlet.handler.SimpleUrlHandlerMapping -Mapped URL path [/webjars/**] onto handler of type [class org.springframework.web.servlet.resource.ResourceHttpRequestHandler]
2018-02-12 09:38:05 [main] INFO  o.s.web.servlet.handler.SimpleUrlHandlerMapping -Mapped URL path [/**] onto handler of type [class org.springframework.web.servlet.resource.ResourceHttpRequestHandler]
2018-02-12 09:38:05 [main] INFO  o.s.web.servlet.handler.SimpleUrlHandlerMapping -Mapped URL path [/**/favicon.ico] onto handler of type [class org.springframework.web.servlet.resource.ResourceHttpRequestHandler]
2018-02-12 09:38:05 [main] INFO  org.mongodb.driver.cluster -Cluster created with settings {hosts=[localhost:27017], mode=SINGLE, requiredClusterType=UNKNOWN, serverSelectionTimeout='30000 ms', maxWaitQueueSize=500}
2018-02-12 09:38:06 [main] INFO  o.s.s.a.ScheduledAnnotationBeanPostProcessor -No TaskScheduler/ScheduledExecutorService bean found for scheduled processing
2018-02-12 09:38:06 [main] INFO  com.offcial.WechatApplicationTests -Started WechatApplicationTests in 7.098 seconds (JVM running for 7.959)
2018-02-12 09:38:06 [Thread-3] INFO  o.s.w.context.support.GenericWebApplicationContext -Closing org.springframework.web.context.support.GenericWebApplicationContext@543295b0: startup date [Mon Feb 12 09:37:59 CST 2018]; root of context hierarchy
2018-02-12 09:38:06 [Thread-3] INFO  o.s.orm.jpa.LocalContainerEntityManagerFactoryBean -Closing JPA EntityManagerFactory for persistence unit 'default'
